d:\opengl\prjs\learnopengl\learn3_game\learn3_game\release\vc142.pdb
d:\opengl\prjs\learnopengl\learn3_game\learn3_game\release\stone.obj
d:\opengl\prjs\learnopengl\learn3_game\learn3_game\release\ship.obj
d:\opengl\prjs\learnopengl\learn3_game\learn3_game\release\wave.obj
d:\opengl\prjs\learnopengl\learn3_game\learn3_game\release\sphere.obj
d:\opengl\prjs\learnopengl\learn3_game\learn3_game\release\lamp.obj
d:\opengl\prjs\learnopengl\learn3_game\learn3_game\release\texture.obj
d:\opengl\prjs\learnopengl\learn3_game\learn3_game\release\skybox.obj
d:\opengl\prjs\learnopengl\learn3_game\learn3_game\release\shader.obj
d:\opengl\prjs\learnopengl\learn3_game\learn3_game\release\resource_manager.obj
d:\opengl\prjs\learnopengl\learn3_game\learn3_game\release\model.obj
d:\opengl\prjs\learnopengl\learn3_game\learn3_game\release\mesh.obj
d:\opengl\prjs\learnopengl\learn3_game\learn3_game\release\camera.obj
d:\opengl\prjs\learnopengl\learn3_game\learn3_game\release\paticle_generator.obj
d:\opengl\prjs\learnopengl\learn3_game\learn3_game\release\particle.obj
d:\opengl\prjs\learnopengl\learn3_game\learn3_game\release\objwriter.obj
d:\opengl\prjs\learnopengl\learn3_game\learn3_game\release\main.obj
d:\opengl\prjs\learnopengl\learn3_game\learn3_game\release\game.obj
d:\opengl\prjs\learnopengl\learn3_game\learn3_game\release\baseobj.obj
d:\opengl\prjs\learnopengl\learn3_game\learn3_game\release\glad.obj
d:\opengl\prjs\learnopengl\learn3_game\learn3_game\release\learn3_game.tlog\cl.command.1.tlog
d:\opengl\prjs\learnopengl\learn3_game\learn3_game\release\learn3_game.tlog\cl.read.1.tlog
d:\opengl\prjs\learnopengl\learn3_game\learn3_game\release\learn3_game.tlog\cl.write.1.tlog
d:\opengl\prjs\learnopengl\learn3_game\learn3_game\release\learn3_game.tlog\link.command.1.tlog
d:\opengl\prjs\learnopengl\learn3_game\learn3_game\release\learn3_game.tlog\link.read.1.tlog
d:\opengl\prjs\learnopengl\learn3_game\learn3_game\release\learn3_game.tlog\link.write.1.tlog
